2019-02-14 09:55:32.136  INFO 10216 --- [main] Testss                                   : Starting Testss on DESKTOP-FIIGSJT with PID 10216 (started by lxy in E:\two\superlin\springsecurity\oauth-server)
2019-02-14 09:55:32.138 DEBUG 10216 --- [main] Testss                                   : Running with Spring Boot v1.4.2.RELEASE, Spring v4.3.4.RELEASE
2019-02-14 09:55:32.139  INFO 10216 --- [main] Testss                                   : No active profile set, falling back to default profiles: default
2019-02-14 09:55:32.385 DEBUG 10216 --- [background-preinit] org.jboss.logging                        : Logging Provider: org.jboss.logging.Slf4jLoggerProvider found via system property
2019-02-14 09:55:33.615 DEBUG 10216 --- [main] o.m.s.mapper.ClassPathMapperScanner      : Identified candidate component class: file [E:\two\superlin\springsecurity\oauth-server\target\classes\com\example\oauthserver\mapper\AppUserMapper.class]
2019-02-14 09:55:33.616 DEBUG 10216 --- [main] o.m.s.mapper.ClassPathMapperScanner      : Identified candidate component class: file [E:\two\superlin\springsecurity\oauth-server\target\classes\com\example\oauthserver\mapper\SysPermissionMapper.class]
2019-02-14 09:55:33.617 DEBUG 10216 --- [main] o.m.s.mapper.ClassPathMapperScanner      : Identified candidate component class: file [E:\two\superlin\springsecurity\oauth-server\target\classes\com\example\oauthserver\mapper\SysRoleMapper.class]
2019-02-14 09:55:33.617 DEBUG 10216 --- [main] o.m.s.mapper.ClassPathMapperScanner      : Creating MapperFactoryBean with name 'appUserMapper' and 'com.example.oauthserver.mapper.AppUserMapper' mapperInterface
2019-02-14 09:55:33.617 DEBUG 10216 --- [main] o.m.s.mapper.ClassPathMapperScanner      : Enabling autowire by type for MapperFactoryBean with name 'appUserMapper'.
2019-02-14 09:55:33.617 DEBUG 10216 --- [main] o.m.s.mapper.ClassPathMapperScanner      : Creating MapperFactoryBean with name 'sysPermissionMapper' and 'com.example.oauthserver.mapper.SysPermissionMapper' mapperInterface
2019-02-14 09:55:33.617 DEBUG 10216 --- [main] o.m.s.mapper.ClassPathMapperScanner      : Enabling autowire by type for MapperFactoryBean with name 'sysPermissionMapper'.
2019-02-14 09:55:33.617 DEBUG 10216 --- [main] o.m.s.mapper.ClassPathMapperScanner      : Creating MapperFactoryBean with name 'sysRoleMapper' and 'com.example.oauthserver.mapper.SysRoleMapper' mapperInterface
2019-02-14 09:55:33.617 DEBUG 10216 --- [main] o.m.s.mapper.ClassPathMapperScanner      : Enabling autowire by type for MapperFactoryBean with name 'sysRoleMapper'.
2019-02-14 09:55:35.676 DEBUG 10216 --- [main] c.b.m.toolkit.GlobalConfigUtils          : DeBug: MyBatis Plus Global configuration Initializing !
2019-02-14 09:55:35.692 DEBUG 10216 --- [main] c.b.mybatisplus.MybatisConfiguration     : addMappedStatement: com.baomidou.mybatisplus.mapper.SqlRunner.SelectList
2019-02-14 09:55:35.693 DEBUG 10216 --- [main] c.b.mybatisplus.MybatisConfiguration     : addMappedStatement: com.baomidou.mybatisplus.mapper.SqlRunner.SelectObjs
2019-02-14 09:55:35.694 DEBUG 10216 --- [main] c.b.mybatisplus.MybatisConfiguration     : addMappedStatement: com.baomidou.mybatisplus.mapper.SqlRunner.Insert
2019-02-14 09:55:35.694 DEBUG 10216 --- [main] c.b.mybatisplus.MybatisConfiguration     : addMappedStatement: com.baomidou.mybatisplus.mapper.SqlRunner.Update
2019-02-14 09:55:35.694 DEBUG 10216 --- [main] c.b.mybatisplus.MybatisConfiguration     : addMappedStatement: com.baomidou.mybatisplus.mapper.SqlRunner.Delete
2019-02-14 09:55:35.695 DEBUG 10216 --- [main] c.b.mybatisplus.MybatisConfiguration     : addMappedStatement: com.baomidou.mybatisplus.mapper.SqlRunner.Count
2019-02-14 09:55:35.698 DEBUG 10216 --- [main] c.b.mybatisplus.MybatisConfiguration     : Mybatis-plus init success.
2019-02-14 09:55:36.786 DEBUG 10216 --- [main] c.b.mybatisplus.MybatisConfiguration     : addMappedStatement: com.example.oauthserver.mapper.AppUserMapper.deleteById
2019-02-14 09:55:36.791 DEBUG 10216 --- [main] c.b.mybatisplus.MybatisConfiguration     : addMappedStatement: com.example.oauthserver.mapper.AppUserMapper.deleteBatchIds
2019-02-14 09:55:36.799 DEBUG 10216 --- [main] c.b.mybatisplus.MybatisConfiguration     : addMappedStatement: com.example.oauthserver.mapper.AppUserMapper.updateById
2019-02-14 09:55:36.801 DEBUG 10216 --- [main] c.b.mybatisplus.MybatisConfiguration     : addMappedStatement: com.example.oauthserver.mapper.AppUserMapper.updateAllColumnById
2019-02-14 09:55:36.802 DEBUG 10216 --- [main] c.b.mybatisplus.MybatisConfiguration     : addMappedStatement: com.example.oauthserver.mapper.AppUserMapper.selectById
2019-02-14 09:55:36.804 DEBUG 10216 --- [main] c.b.mybatisplus.MybatisConfiguration     : addMappedStatement: com.example.oauthserver.mapper.AppUserMapper.selectBatchIds
2019-02-14 09:55:36.806 DEBUG 10216 --- [main] c.b.mybatisplus.MybatisConfiguration     : addMappedStatement: com.example.oauthserver.mapper.AppUserMapper.insert
2019-02-14 09:55:36.807 DEBUG 10216 --- [main] c.b.mybatisplus.MybatisConfiguration     : addMappedStatement: com.example.oauthserver.mapper.AppUserMapper.insertAllColumn
2019-02-14 09:55:36.810 DEBUG 10216 --- [main] c.b.mybatisplus.MybatisConfiguration     : addMappedStatement: com.example.oauthserver.mapper.AppUserMapper.delete
2019-02-14 09:55:36.813 DEBUG 10216 --- [main] c.b.mybatisplus.MybatisConfiguration     : addMappedStatement: com.example.oauthserver.mapper.AppUserMapper.deleteByMap
2019-02-14 09:55:36.815 DEBUG 10216 --- [main] c.b.mybatisplus.MybatisConfiguration     : addMappedStatement: com.example.oauthserver.mapper.AppUserMapper.update
2019-02-14 09:55:36.818 DEBUG 10216 --- [main] c.b.mybatisplus.MybatisConfiguration     : addMappedStatement: com.example.oauthserver.mapper.AppUserMapper.updateForSet
2019-02-14 09:55:36.820 DEBUG 10216 --- [main] c.b.mybatisplus.MybatisConfiguration     : addMappedStatement: com.example.oauthserver.mapper.AppUserMapper.selectByMap
2019-02-14 09:55:36.822 DEBUG 10216 --- [main] c.b.mybatisplus.MybatisConfiguration     : addMappedStatement: com.example.oauthserver.mapper.AppUserMapper.selectOne
2019-02-14 09:55:36.824 DEBUG 10216 --- [main] c.b.mybatisplus.MybatisConfiguration     : addMappedStatement: com.example.oauthserver.mapper.AppUserMapper.selectCount
2019-02-14 09:55:36.827 DEBUG 10216 --- [main] c.b.mybatisplus.MybatisConfiguration     : addMappedStatement: com.example.oauthserver.mapper.AppUserMapper.selectList
2019-02-14 09:55:36.831 DEBUG 10216 --- [main] c.b.mybatisplus.MybatisConfiguration     : addMappedStatement: com.example.oauthserver.mapper.AppUserMapper.selectPage
2019-02-14 09:55:36.834 DEBUG 10216 --- [main] c.b.mybatisplus.MybatisConfiguration     : addMappedStatement: com.example.oauthserver.mapper.AppUserMapper.selectMaps
2019-02-14 09:55:36.837 DEBUG 10216 --- [main] c.b.mybatisplus.MybatisConfiguration     : addMappedStatement: com.example.oauthserver.mapper.AppUserMapper.selectMapsPage
2019-02-14 09:55:36.840 DEBUG 10216 --- [main] c.b.mybatisplus.MybatisConfiguration     : addMappedStatement: com.example.oauthserver.mapper.AppUserMapper.selectObjs
2019-02-14 09:55:36.857 DEBUG 10216 --- [main] c.b.mybatisplus.MybatisConfiguration     : addMappedStatement: com.example.oauthserver.mapper.SysPermissionMapper.deleteById
2019-02-14 09:55:36.860 DEBUG 10216 --- [main] c.b.mybatisplus.MybatisConfiguration     : addMappedStatement: com.example.oauthserver.mapper.SysPermissionMapper.deleteBatchIds
2019-02-14 09:55:36.866 DEBUG 10216 --- [main] c.b.mybatisplus.MybatisConfiguration     : addMappedStatement: com.example.oauthserver.mapper.SysPermissionMapper.updateById
2019-02-14 09:55:36.870 DEBUG 10216 --- [main] c.b.mybatisplus.MybatisConfiguration     : addMappedStatement: com.example.oauthserver.mapper.SysPermissionMapper.updateAllColumnById
2019-02-14 09:55:36.871 DEBUG 10216 --- [main] c.b.mybatisplus.MybatisConfiguration     : addMappedStatement: com.example.oauthserver.mapper.SysPermissionMapper.selectById
2019-02-14 09:55:36.875 DEBUG 10216 --- [main] c.b.mybatisplus.MybatisConfiguration     : addMappedStatement: com.example.oauthserver.mapper.SysPermissionMapper.selectBatchIds
2019-02-14 09:55:36.878 DEBUG 10216 --- [main] c.b.mybatisplus.MybatisConfiguration     : addMappedStatement: com.example.oauthserver.mapper.SysPermissionMapper.insert
2019-02-14 09:55:36.881 DEBUG 10216 --- [main] c.b.mybatisplus.MybatisConfiguration     : addMappedStatement: com.example.oauthserver.mapper.SysPermissionMapper.insertAllColumn
2019-02-14 09:55:36.884 DEBUG 10216 --- [main] c.b.mybatisplus.MybatisConfiguration     : addMappedStatement: com.example.oauthserver.mapper.SysPermissionMapper.delete
2019-02-14 09:55:36.886 DEBUG 10216 --- [main] c.b.mybatisplus.MybatisConfiguration     : addMappedStatement: com.example.oauthserver.mapper.SysPermissionMapper.deleteByMap
2019-02-14 09:55:36.889 DEBUG 10216 --- [main] c.b.mybatisplus.MybatisConfiguration     : addMappedStatement: com.example.oauthserver.mapper.SysPermissionMapper.update
2019-02-14 09:55:36.893 DEBUG 10216 --- [main] c.b.mybatisplus.MybatisConfiguration     : addMappedStatement: com.example.oauthserver.mapper.SysPermissionMapper.updateForSet
2019-02-14 09:55:36.897 DEBUG 10216 --- [main] c.b.mybatisplus.MybatisConfiguration     : addMappedStatement: com.example.oauthserver.mapper.SysPermissionMapper.selectByMap
2019-02-14 09:55:36.899 DEBUG 10216 --- [main] c.b.mybatisplus.MybatisConfiguration     : addMappedStatement: com.example.oauthserver.mapper.SysPermissionMapper.selectOne
2019-02-14 09:55:36.903 DEBUG 10216 --- [main] c.b.mybatisplus.MybatisConfiguration     : addMappedStatement: com.example.oauthserver.mapper.SysPermissionMapper.selectCount
2019-02-14 09:55:36.906 DEBUG 10216 --- [main] c.b.mybatisplus.MybatisConfiguration     : addMappedStatement: com.example.oauthserver.mapper.SysPermissionMapper.selectList
2019-02-14 09:55:36.909 DEBUG 10216 --- [main] c.b.mybatisplus.MybatisConfiguration     : addMappedStatement: com.example.oauthserver.mapper.SysPermissionMapper.selectPage
2019-02-14 09:55:36.916 DEBUG 10216 --- [main] c.b.mybatisplus.MybatisConfiguration     : addMappedStatement: com.example.oauthserver.mapper.SysPermissionMapper.selectMaps
2019-02-14 09:55:36.919 DEBUG 10216 --- [main] c.b.mybatisplus.MybatisConfiguration     : addMappedStatement: com.example.oauthserver.mapper.SysPermissionMapper.selectMapsPage
2019-02-14 09:55:36.923 DEBUG 10216 --- [main] c.b.mybatisplus.MybatisConfiguration     : addMappedStatement: com.example.oauthserver.mapper.SysPermissionMapper.selectObjs
2019-02-14 09:55:36.933 DEBUG 10216 --- [main] c.b.mybatisplus.MybatisConfiguration     : addMappedStatement: com.example.oauthserver.mapper.SysPermissionMapper.findByRoleIds
2019-02-14 09:55:36.949 DEBUG 10216 --- [main] c.b.mybatisplus.MybatisConfiguration     : addMappedStatement: com.example.oauthserver.mapper.SysRoleMapper.deleteById
2019-02-14 09:55:36.952 DEBUG 10216 --- [main] c.b.mybatisplus.MybatisConfiguration     : addMappedStatement: com.example.oauthserver.mapper.SysRoleMapper.deleteBatchIds
2019-02-14 09:55:36.955 DEBUG 10216 --- [main] c.b.mybatisplus.MybatisConfiguration     : addMappedStatement: com.example.oauthserver.mapper.SysRoleMapper.updateById
2019-02-14 09:55:36.958 DEBUG 10216 --- [main] c.b.mybatisplus.MybatisConfiguration     : addMappedStatement: com.example.oauthserver.mapper.SysRoleMapper.updateAllColumnById
2019-02-14 09:55:36.959 DEBUG 10216 --- [main] c.b.mybatisplus.MybatisConfiguration     : addMappedStatement: com.example.oauthserver.mapper.SysRoleMapper.selectById
2019-02-14 09:55:36.962 DEBUG 10216 --- [main] c.b.mybatisplus.MybatisConfiguration     : addMappedStatement: com.example.oauthserver.mapper.SysRoleMapper.selectBatchIds
2019-02-14 09:55:36.965 DEBUG 10216 --- [main] c.b.mybatisplus.MybatisConfiguration     : addMappedStatement: com.example.oauthserver.mapper.SysRoleMapper.insert
2019-02-14 09:55:36.967 DEBUG 10216 --- [main] c.b.mybatisplus.MybatisConfiguration     : addMappedStatement: com.example.oauthserver.mapper.SysRoleMapper.insertAllColumn
2019-02-14 09:55:36.971 DEBUG 10216 --- [main] c.b.mybatisplus.MybatisConfiguration     : addMappedStatement: com.example.oauthserver.mapper.SysRoleMapper.delete
2019-02-14 09:55:36.974 DEBUG 10216 --- [main] c.b.mybatisplus.MybatisConfiguration     : addMappedStatement: com.example.oauthserver.mapper.SysRoleMapper.deleteByMap
2019-02-14 09:55:36.978 DEBUG 10216 --- [main] c.b.mybatisplus.MybatisConfiguration     : addMappedStatement: com.example.oauthserver.mapper.SysRoleMapper.update
2019-02-14 09:55:36.982 DEBUG 10216 --- [main] c.b.mybatisplus.MybatisConfiguration     : addMappedStatement: com.example.oauthserver.mapper.SysRoleMapper.updateForSet
2019-02-14 09:55:36.985 DEBUG 10216 --- [main] c.b.mybatisplus.MybatisConfiguration     : addMappedStatement: com.example.oauthserver.mapper.SysRoleMapper.selectByMap
2019-02-14 09:55:36.987 DEBUG 10216 --- [main] c.b.mybatisplus.MybatisConfiguration     : addMappedStatement: com.example.oauthserver.mapper.SysRoleMapper.selectOne
2019-02-14 09:55:36.992 DEBUG 10216 --- [main] c.b.mybatisplus.MybatisConfiguration     : addMappedStatement: com.example.oauthserver.mapper.SysRoleMapper.selectCount
2019-02-14 09:55:36.998 DEBUG 10216 --- [main] c.b.mybatisplus.MybatisConfiguration     : addMappedStatement: com.example.oauthserver.mapper.SysRoleMapper.selectList
2019-02-14 09:55:37.000 DEBUG 10216 --- [main] c.b.mybatisplus.MybatisConfiguration     : addMappedStatement: com.example.oauthserver.mapper.SysRoleMapper.selectPage
2019-02-14 09:55:37.004 DEBUG 10216 --- [main] c.b.mybatisplus.MybatisConfiguration     : addMappedStatement: com.example.oauthserver.mapper.SysRoleMapper.selectMaps
2019-02-14 09:55:37.008 DEBUG 10216 --- [main] c.b.mybatisplus.MybatisConfiguration     : addMappedStatement: com.example.oauthserver.mapper.SysRoleMapper.selectMapsPage
2019-02-14 09:55:37.011 DEBUG 10216 --- [main] c.b.mybatisplus.MybatisConfiguration     : addMappedStatement: com.example.oauthserver.mapper.SysRoleMapper.selectObjs
2019-02-14 09:55:37.013 DEBUG 10216 --- [main] c.b.mybatisplus.MybatisConfiguration     : addMappedStatement: com.example.oauthserver.mapper.SysRoleMapper.findRolesByUserId
2019-02-14 09:55:39.516  INFO 10216 --- [main] Testss                                   : Started Testss in 8.051 seconds (JVM running for 10.101)
2019-02-14 10:06:14.897  INFO 13676 --- [main] Testss                                   : Starting Testss on DESKTOP-FIIGSJT with PID 13676 (started by lxy in E:\two\superlin\springsecurity\oauth-server)
2019-02-14 10:06:14.903 DEBUG 13676 --- [main] Testss                                   : Running with Spring Boot v1.4.2.RELEASE, Spring v4.3.4.RELEASE
2019-02-14 10:06:14.904  INFO 13676 --- [main] Testss                                   : No active profile set, falling back to default profiles: default
2019-02-14 10:06:15.247 DEBUG 13676 --- [background-preinit] org.jboss.logging                        : Logging Provider: org.jboss.logging.Slf4jLoggerProvider found via system property
2019-02-14 10:06:16.841 DEBUG 13676 --- [main] o.m.s.mapper.ClassPathMapperScanner      : Identified candidate component class: file [E:\two\superlin\springsecurity\oauth-server\target\classes\com\example\oauthserver\mapper\AppUserMapper.class]
2019-02-14 10:06:16.843 DEBUG 13676 --- [main] o.m.s.mapper.ClassPathMapperScanner      : Identified candidate component class: file [E:\two\superlin\springsecurity\oauth-server\target\classes\com\example\oauthserver\mapper\SysPermissionMapper.class]
2019-02-14 10:06:16.844 DEBUG 13676 --- [main] o.m.s.mapper.ClassPathMapperScanner      : Identified candidate component class: file [E:\two\superlin\springsecurity\oauth-server\target\classes\com\example\oauthserver\mapper\SysRoleMapper.class]
2019-02-14 10:06:16.845 DEBUG 13676 --- [main] o.m.s.mapper.ClassPathMapperScanner      : Creating MapperFactoryBean with name 'appUserMapper' and 'com.example.oauthserver.mapper.AppUserMapper' mapperInterface
2019-02-14 10:06:16.846 DEBUG 13676 --- [main] o.m.s.mapper.ClassPathMapperScanner      : Enabling autowire by type for MapperFactoryBean with name 'appUserMapper'.
2019-02-14 10:06:16.846 DEBUG 13676 --- [main] o.m.s.mapper.ClassPathMapperScanner      : Creating MapperFactoryBean with name 'sysPermissionMapper' and 'com.example.oauthserver.mapper.SysPermissionMapper' mapperInterface
2019-02-14 10:06:16.846 DEBUG 13676 --- [main] o.m.s.mapper.ClassPathMapperScanner      : Enabling autowire by type for MapperFactoryBean with name 'sysPermissionMapper'.
2019-02-14 10:06:16.846 DEBUG 13676 --- [main] o.m.s.mapper.ClassPathMapperScanner      : Creating MapperFactoryBean with name 'sysRoleMapper' and 'com.example.oauthserver.mapper.SysRoleMapper' mapperInterface
2019-02-14 10:06:16.846 DEBUG 13676 --- [main] o.m.s.mapper.ClassPathMapperScanner      : Enabling autowire by type for MapperFactoryBean with name 'sysRoleMapper'.
2019-02-14 10:06:19.088 DEBUG 13676 --- [main] c.b.m.toolkit.GlobalConfigUtils          : DeBug: MyBatis Plus Global configuration Initializing !
2019-02-14 10:06:19.100 DEBUG 13676 --- [main] c.b.mybatisplus.MybatisConfiguration     : addMappedStatement: com.baomidou.mybatisplus.mapper.SqlRunner.SelectList
2019-02-14 10:06:19.100 DEBUG 13676 --- [main] c.b.mybatisplus.MybatisConfiguration     : addMappedStatement: com.baomidou.mybatisplus.mapper.SqlRunner.SelectObjs
2019-02-14 10:06:19.101 DEBUG 13676 --- [main] c.b.mybatisplus.MybatisConfiguration     : addMappedStatement: com.baomidou.mybatisplus.mapper.SqlRunner.Insert
2019-02-14 10:06:19.101 DEBUG 13676 --- [main] c.b.mybatisplus.MybatisConfiguration     : addMappedStatement: com.baomidou.mybatisplus.mapper.SqlRunner.Update
2019-02-14 10:06:19.101 DEBUG 13676 --- [main] c.b.mybatisplus.MybatisConfiguration     : addMappedStatement: com.baomidou.mybatisplus.mapper.SqlRunner.Delete
2019-02-14 10:06:19.101 DEBUG 13676 --- [main] c.b.mybatisplus.MybatisConfiguration     : addMappedStatement: com.baomidou.mybatisplus.mapper.SqlRunner.Count
2019-02-14 10:06:19.102 DEBUG 13676 --- [main] c.b.mybatisplus.MybatisConfiguration     : Mybatis-plus init success.
2019-02-14 10:06:19.896 DEBUG 13676 --- [main] c.b.mybatisplus.MybatisConfiguration     : addMappedStatement: com.example.oauthserver.mapper.AppUserMapper.deleteById
2019-02-14 10:06:19.900 DEBUG 13676 --- [main] c.b.mybatisplus.MybatisConfiguration     : addMappedStatement: com.example.oauthserver.mapper.AppUserMapper.deleteBatchIds
2019-02-14 10:06:19.904 DEBUG 13676 --- [main] c.b.mybatisplus.MybatisConfiguration     : addMappedStatement: com.example.oauthserver.mapper.AppUserMapper.updateById
2019-02-14 10:06:19.906 DEBUG 13676 --- [main] c.b.mybatisplus.MybatisConfiguration     : addMappedStatement: com.example.oauthserver.mapper.AppUserMapper.updateAllColumnById
2019-02-14 10:06:19.906 DEBUG 13676 --- [main] c.b.mybatisplus.MybatisConfiguration     : addMappedStatement: com.example.oauthserver.mapper.AppUserMapper.selectById
2019-02-14 10:06:19.908 DEBUG 13676 --- [main] c.b.mybatisplus.MybatisConfiguration     : addMappedStatement: com.example.oauthserver.mapper.AppUserMapper.selectBatchIds
2019-02-14 10:06:19.910 DEBUG 13676 --- [main] c.b.mybatisplus.MybatisConfiguration     : addMappedStatement: com.example.oauthserver.mapper.AppUserMapper.insert
2019-02-14 10:06:19.911 DEBUG 13676 --- [main] c.b.mybatisplus.MybatisConfiguration     : addMappedStatement: com.example.oauthserver.mapper.AppUserMapper.insertAllColumn
2019-02-14 10:06:19.914 DEBUG 13676 --- [main] c.b.mybatisplus.MybatisConfiguration     : addMappedStatement: com.example.oauthserver.mapper.AppUserMapper.delete
2019-02-14 10:06:19.916 DEBUG 13676 --- [main] c.b.mybatisplus.MybatisConfiguration     : addMappedStatement: com.example.oauthserver.mapper.AppUserMapper.deleteByMap
2019-02-14 10:06:19.918 DEBUG 13676 --- [main] c.b.mybatisplus.MybatisConfiguration     : addMappedStatement: com.example.oauthserver.mapper.AppUserMapper.update
2019-02-14 10:06:19.920 DEBUG 13676 --- [main] c.b.mybatisplus.MybatisConfiguration     : addMappedStatement: com.example.oauthserver.mapper.AppUserMapper.updateForSet
2019-02-14 10:06:19.921 DEBUG 13676 --- [main] c.b.mybatisplus.MybatisConfiguration     : addMappedStatement: com.example.oauthserver.mapper.AppUserMapper.selectByMap
2019-02-14 10:06:19.923 DEBUG 13676 --- [main] c.b.mybatisplus.MybatisConfiguration     : addMappedStatement: com.example.oauthserver.mapper.AppUserMapper.selectOne
2019-02-14 10:06:19.924 DEBUG 13676 --- [main] c.b.mybatisplus.MybatisConfiguration     : addMappedStatement: com.example.oauthserver.mapper.AppUserMapper.selectCount
2019-02-14 10:06:19.927 DEBUG 13676 --- [main] c.b.mybatisplus.MybatisConfiguration     : addMappedStatement: com.example.oauthserver.mapper.AppUserMapper.selectList
2019-02-14 10:06:19.929 DEBUG 13676 --- [main] c.b.mybatisplus.MybatisConfiguration     : addMappedStatement: com.example.oauthserver.mapper.AppUserMapper.selectPage
2019-02-14 10:06:19.931 DEBUG 13676 --- [main] c.b.mybatisplus.MybatisConfiguration     : addMappedStatement: com.example.oauthserver.mapper.AppUserMapper.selectMaps
2019-02-14 10:06:19.933 DEBUG 13676 --- [main] c.b.mybatisplus.MybatisConfiguration     : addMappedStatement: com.example.oauthserver.mapper.AppUserMapper.selectMapsPage
2019-02-14 10:06:19.934 DEBUG 13676 --- [main] c.b.mybatisplus.MybatisConfiguration     : addMappedStatement: com.example.oauthserver.mapper.AppUserMapper.selectObjs
2019-02-14 10:06:19.946 DEBUG 13676 --- [main] c.b.mybatisplus.MybatisConfiguration     : addMappedStatement: com.example.oauthserver.mapper.SysPermissionMapper.deleteById
2019-02-14 10:06:19.948 DEBUG 13676 --- [main] c.b.mybatisplus.MybatisConfiguration     : addMappedStatement: com.example.oauthserver.mapper.SysPermissionMapper.deleteBatchIds
2019-02-14 10:06:19.951 DEBUG 13676 --- [main] c.b.mybatisplus.MybatisConfiguration     : addMappedStatement: com.example.oauthserver.mapper.SysPermissionMapper.updateById
2019-02-14 10:06:19.952 DEBUG 13676 --- [main] c.b.mybatisplus.MybatisConfiguration     : addMappedStatement: com.example.oauthserver.mapper.SysPermissionMapper.updateAllColumnById
2019-02-14 10:06:19.953 DEBUG 13676 --- [main] c.b.mybatisplus.MybatisConfiguration     : addMappedStatement: com.example.oauthserver.mapper.SysPermissionMapper.selectById
2019-02-14 10:06:19.954 DEBUG 13676 --- [main] c.b.mybatisplus.MybatisConfiguration     : addMappedStatement: com.example.oauthserver.mapper.SysPermissionMapper.selectBatchIds
2019-02-14 10:06:19.955 DEBUG 13676 --- [main] c.b.mybatisplus.MybatisConfiguration     : addMappedStatement: com.example.oauthserver.mapper.SysPermissionMapper.insert
2019-02-14 10:06:19.956 DEBUG 13676 --- [main] c.b.mybatisplus.MybatisConfiguration     : addMappedStatement: com.example.oauthserver.mapper.SysPermissionMapper.insertAllColumn
2019-02-14 10:06:19.958 DEBUG 13676 --- [main] c.b.mybatisplus.MybatisConfiguration     : addMappedStatement: com.example.oauthserver.mapper.SysPermissionMapper.delete
2019-02-14 10:06:19.959 DEBUG 13676 --- [main] c.b.mybatisplus.MybatisConfiguration     : addMappedStatement: com.example.oauthserver.mapper.SysPermissionMapper.deleteByMap
2019-02-14 10:06:19.961 DEBUG 13676 --- [main] c.b.mybatisplus.MybatisConfiguration     : addMappedStatement: com.example.oauthserver.mapper.SysPermissionMapper.update
2019-02-14 10:06:19.963 DEBUG 13676 --- [main] c.b.mybatisplus.MybatisConfiguration     : addMappedStatement: com.example.oauthserver.mapper.SysPermissionMapper.updateForSet
2019-02-14 10:06:19.965 DEBUG 13676 --- [main] c.b.mybatisplus.MybatisConfiguration     : addMappedStatement: com.example.oauthserver.mapper.SysPermissionMapper.selectByMap
2019-02-14 10:06:19.966 DEBUG 13676 --- [main] c.b.mybatisplus.MybatisConfiguration     : addMappedStatement: com.example.oauthserver.mapper.SysPermissionMapper.selectOne
2019-02-14 10:06:19.968 DEBUG 13676 --- [main] c.b.mybatisplus.MybatisConfiguration     : addMappedStatement: com.example.oauthserver.mapper.SysPermissionMapper.selectCount
2019-02-14 10:06:19.970 DEBUG 13676 --- [main] c.b.mybatisplus.MybatisConfiguration     : addMappedStatement: com.example.oauthserver.mapper.SysPermissionMapper.selectList
2019-02-14 10:06:19.971 DEBUG 13676 --- [main] c.b.mybatisplus.MybatisConfiguration     : addMappedStatement: com.example.oauthserver.mapper.SysPermissionMapper.selectPage
2019-02-14 10:06:19.973 DEBUG 13676 --- [main] c.b.mybatisplus.MybatisConfiguration     : addMappedStatement: com.example.oauthserver.mapper.SysPermissionMapper.selectMaps
2019-02-14 10:06:19.975 DEBUG 13676 --- [main] c.b.mybatisplus.MybatisConfiguration     : addMappedStatement: com.example.oauthserver.mapper.SysPermissionMapper.selectMapsPage
2019-02-14 10:06:19.976 DEBUG 13676 --- [main] c.b.mybatisplus.MybatisConfiguration     : addMappedStatement: com.example.oauthserver.mapper.SysPermissionMapper.selectObjs
2019-02-14 10:06:19.981 DEBUG 13676 --- [main] c.b.mybatisplus.MybatisConfiguration     : addMappedStatement: com.example.oauthserver.mapper.SysPermissionMapper.findByRoleIds
2019-02-14 10:06:19.990 DEBUG 13676 --- [main] c.b.mybatisplus.MybatisConfiguration     : addMappedStatement: com.example.oauthserver.mapper.SysRoleMapper.deleteById
2019-02-14 10:06:19.992 DEBUG 13676 --- [main] c.b.mybatisplus.MybatisConfiguration     : addMappedStatement: com.example.oauthserver.mapper.SysRoleMapper.deleteBatchIds
2019-02-14 10:06:19.995 DEBUG 13676 --- [main] c.b.mybatisplus.MybatisConfiguration     : addMappedStatement: com.example.oauthserver.mapper.SysRoleMapper.updateById
2019-02-14 10:06:19.997 DEBUG 13676 --- [main] c.b.mybatisplus.MybatisConfiguration     : addMappedStatement: com.example.oauthserver.mapper.SysRoleMapper.updateAllColumnById
2019-02-14 10:06:19.997 DEBUG 13676 --- [main] c.b.mybatisplus.MybatisConfiguration     : addMappedStatement: com.example.oauthserver.mapper.SysRoleMapper.selectById
2019-02-14 10:06:19.999 DEBUG 13676 --- [main] c.b.mybatisplus.MybatisConfiguration     : addMappedStatement: com.example.oauthserver.mapper.SysRoleMapper.selectBatchIds
2019-02-14 10:06:20.000 DEBUG 13676 --- [main] c.b.mybatisplus.MybatisConfiguration     : addMappedStatement: com.example.oauthserver.mapper.SysRoleMapper.insert
2019-02-14 10:06:20.003 DEBUG 13676 --- [main] c.b.mybatisplus.MybatisConfiguration     : addMappedStatement: com.example.oauthserver.mapper.SysRoleMapper.insertAllColumn
2019-02-14 10:06:20.004 DEBUG 13676 --- [main] c.b.mybatisplus.MybatisConfiguration     : addMappedStatement: com.example.oauthserver.mapper.SysRoleMapper.delete
2019-02-14 10:06:20.006 DEBUG 13676 --- [main] c.b.mybatisplus.MybatisConfiguration     : addMappedStatement: com.example.oauthserver.mapper.SysRoleMapper.deleteByMap
2019-02-14 10:06:20.008 DEBUG 13676 --- [main] c.b.mybatisplus.MybatisConfiguration     : addMappedStatement: com.example.oauthserver.mapper.SysRoleMapper.update
2019-02-14 10:06:20.010 DEBUG 13676 --- [main] c.b.mybatisplus.MybatisConfiguration     : addMappedStatement: com.example.oauthserver.mapper.SysRoleMapper.updateForSet
2019-02-14 10:06:20.012 DEBUG 13676 --- [main] c.b.mybatisplus.MybatisConfiguration     : addMappedStatement: com.example.oauthserver.mapper.SysRoleMapper.selectByMap
2019-02-14 10:06:20.014 DEBUG 13676 --- [main] c.b.mybatisplus.MybatisConfiguration     : addMappedStatement: com.example.oauthserver.mapper.SysRoleMapper.selectOne
2019-02-14 10:06:20.017 DEBUG 13676 --- [main] c.b.mybatisplus.MybatisConfiguration     : addMappedStatement: com.example.oauthserver.mapper.SysRoleMapper.selectCount
2019-02-14 10:06:20.018 DEBUG 13676 --- [main] c.b.mybatisplus.MybatisConfiguration     : addMappedStatement: com.example.oauthserver.mapper.SysRoleMapper.selectList
2019-02-14 10:06:20.020 DEBUG 13676 --- [main] c.b.mybatisplus.MybatisConfiguration     : addMappedStatement: com.example.oauthserver.mapper.SysRoleMapper.selectPage
2019-02-14 10:06:20.021 DEBUG 13676 --- [main] c.b.mybatisplus.MybatisConfiguration     : addMappedStatement: com.example.oauthserver.mapper.SysRoleMapper.selectMaps
2019-02-14 10:06:20.023 DEBUG 13676 --- [main] c.b.mybatisplus.MybatisConfiguration     : addMappedStatement: com.example.oauthserver.mapper.SysRoleMapper.selectMapsPage
2019-02-14 10:06:20.024 DEBUG 13676 --- [main] c.b.mybatisplus.MybatisConfiguration     : addMappedStatement: com.example.oauthserver.mapper.SysRoleMapper.selectObjs
2019-02-14 10:06:20.025 DEBUG 13676 --- [main] c.b.mybatisplus.MybatisConfiguration     : addMappedStatement: com.example.oauthserver.mapper.SysRoleMapper.findRolesByUserId
2019-02-14 10:06:22.375  INFO 13676 --- [main] Testss                                   : Started Testss in 8.408 seconds (JVM running for 9.625)
